<?xml version="1.0" encoding="UTF-8"?>
<testsuite xmlns:xsi="http://www.w3.org/2001/XMLSchema-instance" xsi:noNamespaceSchemaLocation="https://maven.apache.org/surefire/maven-surefire-plugin/xsd/surefire-test-report-3.0.xsd" version="3.0" name="com.academichub.server.AcademicHubApplicationTests" time="10.473" tests="1" errors="0" skipped="0" failures="0">
  <properties>
[...]
</properties>
  <testcase name="contextLoads" classname="com.academichub.server.AcademicHubApplicationTests" time="0.734">
    <system-out><![CDATA[07:48:26.889 [main] INFO org.springframework.test.context.support.AnnotationConfigContextLoaderUtils -- Could not detect default configuration classes for test class [com.academichub.server.AcademicHubApplicationTests]: AcademicHubApplicationTests does not declare any static, non-private, non-final, nested classes annotated with @Configuration.
07:48:27.020 [main] INFO org.springframework.boot.test.context.SpringBootTestContextBootstrapper -- Found @SpringBootConfiguration com.academichub.server.AcademicHubApplication for test class com.academichub.server.AcademicHubApplicationTests

  .   ____          _            __ _ _
 /\\ / ___'_ __ _ _(_)_ __  __ _ \ \ \ \
( ( )\___ | '_ | '_| | '_ \/ _` | \ \ \ \
 \\/  ___)| |_)| | | | | || (_| |  ) ) ) )
  '  |____| .__|_| |_|_| |_\__, | / / / /
 =========|_|==============|___/=/_/_/_/
 :: Spring Boot ::             (v3.2.0-M2)

2023-10-16T07:48:27.429+05:30  INFO 14608 --- [           main] c.a.server.AcademicHubApplicationTests   : Starting AcademicHubApplicationTests using Java 20.0.2 with PID 14608 (started by PRAVEEN in E:\College\Projects\AcademicHub\server)
2023-10-16T07:48:27.429+05:30  INFO 14608 --- [           main] c.a.server.AcademicHubApplicationTests   : No active profile set, falling back to 1 default profile: "default"
2023-10-16T07:48:28.044+05:30  INFO 14608 --- [           main] .s.d.r.c.RepositoryConfigurationDelegate : Multiple Spring Data modules found, entering strict repository configuration mode
2023-10-16T07:48:28.044+05:30  INFO 14608 --- [           main] .s.d.r.c.RepositoryConfigurationDelegate : Bootstrapping Spring Data JDBC repositories in DEFAULT mode.
2023-10-16T07:48:28.059+05:30  INFO 14608 --- [           main] .s.d.r.c.RepositoryConfigurationDelegate : Finished Spring Data repository scanning in 16 ms. Found 0 JDBC repository interfaces.
2023-10-16T07:48:28.075+05:30  INFO 14608 --- [           main] .s.d.r.c.RepositoryConfigurationDelegate : Multiple Spring Data modules found, entering strict repository configuration mode
2023-10-16T07:48:28.075+05:30  INFO 14608 --- [           main] .s.d.r.c.RepositoryConfigurationDelegate : Bootstrapping Spring Data JPA repositories in DEFAULT mode.
2023-10-16T07:48:28.090+05:30  INFO 14608 --- [           main] .s.d.r.c.RepositoryConfigurationDelegate : Finished Spring Data repository scanning in 3 ms. Found 0 JPA repository interfaces.
2023-10-16T07:48:28.476+05:30  INFO 14608 --- [           main] com.zaxxer.hikari.HikariDataSource       : HikariPool-1 - Starting...
2023-10-16T07:48:33.055+05:30  INFO 14608 --- [           main] com.zaxxer.hikari.pool.HikariPool        : HikariPool-1 - Added connection org.postgresql.jdbc.PgConnection@40ed1802
2023-10-16T07:48:33.071+05:30  INFO 14608 --- [           main] com.zaxxer.hikari.HikariDataSource       : HikariPool-1 - Start completed.
2023-10-16T07:48:33.120+05:30  INFO 14608 --- [           main] o.hibernate.jpa.internal.util.LogHelper  : HHH000204: Processing PersistenceUnitInfo [name: default]
2023-10-16T07:48:33.214+05:30  INFO 14608 --- [           main] org.hibernate.Version                    : HHH000412: Hibernate ORM core version 6.2.7.Final
2023-10-16T07:48:33.214+05:30  INFO 14608 --- [           main] org.hibernate.cfg.Environment            : HHH000406: Using bytecode reflection optimizer
2023-10-16T07:48:33.339+05:30  INFO 14608 --- [           main] o.h.b.i.BytecodeProviderInitiator        : HHH000021: Bytecode provider name : bytebuddy
2023-10-16T07:48:33.499+05:30  INFO 14608 --- [           main] o.s.o.j.p.SpringPersistenceUnitInfo      : No LoadTimeWeaver setup: ignoring JPA class transformer
2023-10-16T07:48:35.105+05:30  INFO 14608 --- [           main] o.h.b.i.BytecodeProviderInitiator        : HHH000021: Bytecode provider name : bytebuddy
2023-10-16T07:48:35.308+05:30  INFO 14608 --- [           main] o.h.e.t.j.p.i.JtaPlatformInitiator       : HHH000490: Using JtaPlatform implementation: [org.hibernate.engine.transaction.jta.platform.internal.NoJtaPlatform]
2023-10-16T07:48:35.324+05:30  INFO 14608 --- [           main] j.LocalContainerEntityManagerFactoryBean : Initialized JPA EntityManagerFactory for persistence unit 'default'
2023-10-16T07:48:35.546+05:30  WARN 14608 --- [           main] JpaBaseConfiguration$JpaWebConfiguration : spring.jpa.open-in-view is enabled by default. Therefore, database queries may be performed during view rendering. Explicitly configure spring.jpa.open-in-view to disable this warning
2023-10-16T07:48:36.440+05:30  INFO 14608 --- [           main] c.a.server.AcademicHubApplicationTests   : Started AcademicHubApplicationTests in 9.279 seconds (process running for 10.258)
]]></system-out>
  </testcase>
</testsuite>